<?xml version="1.0" encoding="UTF-8"?>
<coverage generated="1675867056150" clover="3.2.0">
  <project timestamp="1675867056151" name="All files">
    <metrics statements="185" coveredstatements="184" conditionals="48" coveredconditionals="45" methods="38" coveredmethods="38" elements="271" coveredelements="267" complexity="0" loc="185" ncloc="185" packages="6" files="12" classes="12"/>
    <package name="errors">
      <metrics statements="27" coveredstatements="27" conditionals="10" coveredconditionals="9" methods="3" coveredmethods="3"/>
      <file name="resultErrorMessage.js" path="/home/artem/eslint-plagin-architector/src/errors/resultErrorMessage.js">
        <metrics statements="27" coveredstatements="27" conditionals="10" coveredconditionals="9" methods="3" coveredmethods="3"/>
        <line num="1" count="1" type="stmt"/>
        <line num="2" count="1" type="stmt"/>
        <line num="11" count="16" type="stmt"/>
        <line num="13" count="16" type="stmt"/>
        <line num="21" count="16" type="stmt"/>
        <line num="22" count="16" type="stmt"/>
        <line num="23" count="16" type="stmt"/>
        <line num="25" count="16" type="stmt"/>
        <line num="26" count="16" type="stmt"/>
        <line num="27" count="16" type="cond" truecount="1" falsecount="1"/>
        <line num="29" count="16" type="stmt"/>
        <line num="32" count="16" type="cond" truecount="2" falsecount="0"/>
        <line num="33" count="5" type="stmt"/>
        <line num="39" count="11" type="stmt"/>
        <line num="46" count="16" type="stmt"/>
        <line num="54" count="5" type="stmt"/>
        <line num="57" count="5" type="stmt"/>
        <line num="59" count="5" type="stmt"/>
        <line num="61" count="5" type="cond" truecount="2" falsecount="0"/>
        <line num="63" count="5" type="cond" truecount="2" falsecount="0"/>
        <line num="64" count="3" type="stmt"/>
        <line num="67" count="5" type="stmt"/>
        <line num="75" count="11" type="stmt"/>
        <line num="78" count="11" type="stmt"/>
        <line num="80" count="11" type="cond" truecount="2" falsecount="0"/>
        <line num="81" count="7" type="stmt"/>
        <line num="84" count="11" type="stmt"/>
      </file>
    </package>
    <package name="helpers.architectorTree">
      <metrics statements="44" coveredstatements="44" conditionals="8" coveredconditionals="8" methods="12" coveredmethods="12"/>
      <file name="configurationTreeAleases.js" path="/home/artem/eslint-plagin-architector/src/helpers/architectorTree/configurationTreeAleases.js">
        <metrics statements="17" coveredstatements="17" conditionals="0" coveredconditionals="0" methods="5" coveredmethods="5"/>
        <line num="1" count="1" type="stmt"/>
        <line num="2" count="1" type="stmt"/>
        <line num="3" count="1" type="stmt"/>
        <line num="6" count="16" type="stmt"/>
        <line num="7" count="16" type="stmt"/>
        <line num="8" count="16" type="stmt"/>
        <line num="9" count="96" type="stmt"/>
        <line num="14" count="16" type="stmt"/>
        <line num="18" count="192" type="stmt"/>
        <line num="22" count="96" type="stmt"/>
        <line num="26" count="96" type="stmt"/>
        <line num="29" count="96" type="stmt"/>
        <line num="36" count="16" type="stmt"/>
        <line num="38" count="16" type="stmt"/>
        <line num="40" count="96" type="stmt"/>
        <line num="41" count="96" type="stmt"/>
        <line num="44" count="16" type="stmt"/>
      </file>
      <file name="getArchitectureConfigurationTree.js" path="/home/artem/eslint-plagin-architector/src/helpers/architectorTree/getArchitectureConfigurationTree.js">
        <metrics statements="27" coveredstatements="27" conditionals="8" coveredconditionals="8" methods="7" coveredmethods="7"/>
        <line num="1" count="1" type="stmt"/>
        <line num="3" count="1" type="stmt"/>
        <line num="5" count="1" type="stmt"/>
        <line num="8" count="64" type="stmt"/>
        <line num="9" count="128" type="stmt"/>
        <line num="15" count="128" type="stmt"/>
        <line num="16" count="128" type="stmt"/>
        <line num="17" count="128" type="stmt"/>
        <line num="24" count="128" type="cond" truecount="2" falsecount="0"/>
        <line num="25" count="48" type="stmt"/>
        <line num="28" count="64" type="stmt"/>
        <line num="32" count="64" type="stmt"/>
        <line num="34" count="8448" type="cond" truecount="2" falsecount="0"/>
        <line num="35" count="568" type="stmt"/>
        <line num="36" count="568" type="stmt"/>
        <line num="37" count="568" type="stmt"/>
        <line num="44" count="64" type="stmt"/>
        <line num="48" count="256" type="stmt"/>
        <line num="49" count="256" type="stmt"/>
        <line num="50" count="256" type="stmt"/>
        <line num="51" count="1024" type="stmt"/>
        <line num="52" count="1024" type="stmt"/>
        <line num="53" count="2048" type="cond" truecount="2" falsecount="0"/>
        <line num="54" count="256" type="stmt"/>
        <line num="55" count="256" type="stmt"/>
        <line num="56" count="416" type="stmt"/>
        <line num="62" count="256" type="stmt"/>
      </file>
    </package>
    <package name="helpers.convertPath">
      <metrics statements="5" coveredstatements="5" conditionals="0" coveredconditionals="0" methods="2" coveredmethods="2"/>
      <file name="absolutePathToFile.js" path="/home/artem/eslint-plagin-architector/src/helpers/convertPath/absolutePathToFile.js">
        <metrics statements="3" coveredstatements="3" conditionals="0" coveredconditionals="0" methods="1" coveredmethods="1"/>
        <line num="1" count="1" type="stmt"/>
        <line num="2" count="1" type="stmt"/>
        <line num="5" count="209" type="stmt"/>
      </file>
      <file name="pathToCurrentFileWithoutContent.js" path="/home/artem/eslint-plagin-architector/src/helpers/convertPath/pathToCurrentFileWithoutContent.js">
        <metrics statements="2" coveredstatements="2" conditionals="0" coveredconditionals="0" methods="1" coveredmethods="1"/>
        <line num="2" count="268" type="stmt"/>
        <line num="8" count="1" type="stmt"/>
      </file>
    </package>
    <package name="helpers.prepareDataForErrorOutput">
      <metrics statements="92" coveredstatements="91" conditionals="28" coveredconditionals="27" methods="16" coveredmethods="16"/>
      <file name="absolutePathTo.js" path="/home/artem/eslint-plagin-architector/src/helpers/prepareDataForErrorOutput/absolutePathTo.js">
        <metrics statements="4" coveredstatements="4" conditionals="0" coveredconditionals="0" methods="1" coveredmethods="1"/>
        <line num="1" count="1" type="stmt"/>
        <line num="2" count="1" type="stmt"/>
        <line num="3" count="1" type="stmt"/>
        <line num="6" count="17" type="stmt"/>
      </file>
      <file name="getCurrentAndTargetLevel.js" path="/home/artem/eslint-plagin-architector/src/helpers/prepareDataForErrorOutput/getCurrentAndTargetLevel.js">
        <metrics statements="63" coveredstatements="63" conditionals="24" coveredconditionals="23" methods="8" coveredmethods="8"/>
        <line num="1" count="1" type="stmt"/>
        <line num="2" count="1" type="stmt"/>
        <line num="3" count="1" type="stmt"/>
        <line num="4" count="1" type="stmt"/>
        <line num="5" count="1" type="stmt"/>
        <line num="6" count="1" type="stmt"/>
        <line num="15" count="16" type="stmt"/>
        <line num="16" count="16" type="stmt"/>
        <line num="22" count="16" type="stmt"/>
        <line num="23" count="16" type="stmt"/>
        <line num="24" count="16" type="stmt"/>
        <line num="26" count="16" type="stmt"/>
        <line num="27" count="16" type="stmt"/>
        <line num="29" count="16" type="cond" truecount="2" falsecount="0"/>
        <line num="30" count="8" type="stmt"/>
        <line num="31" count="8" type="stmt"/>
        <line num="34" count="16" type="cond" truecount="2" falsecount="0"/>
        <line num="35" count="10" type="stmt"/>
        <line num="38" count="16" type="cond" truecount="4" falsecount="0"/>
        <line num="39" count="2" type="stmt"/>
        <line num="48" count="14" type="cond" truecount="2" falsecount="0"/>
        <line num="49" count="6" type="stmt"/>
        <line num="58" count="8" type="cond" truecount="2" falsecount="0"/>
        <line num="59" count="4" type="stmt"/>
        <line num="68" count="4" type="stmt"/>
        <line num="82" count="2" type="stmt"/>
        <line num="90" count="2" type="stmt"/>
        <line num="98" count="2" type="stmt"/>
        <line num="99" count="2" type="stmt"/>
        <line num="101" count="2" type="cond" truecount="1" falsecount="1"/>
        <line num="102" count="2" type="stmt"/>
        <line num="103" count="2" type="stmt"/>
        <line num="104" count="2" type="stmt"/>
        <line num="107" count="2" type="stmt"/>
        <line num="121" count="6" type="stmt"/>
        <line num="128" count="6" type="stmt"/>
        <line num="129" count="6" type="stmt"/>
        <line num="130" count="6" type="cond" truecount="4" falsecount="0"/>
        <line num="131" count="3" type="stmt"/>
        <line num="145" count="6" type="stmt"/>
        <line num="146" count="6" type="stmt"/>
        <line num="147" count="6" type="stmt"/>
        <line num="162" count="4" type="stmt"/>
        <line num="169" count="4" type="stmt"/>
        <line num="171" count="4" type="stmt"/>
        <line num="172" count="4" type="cond" truecount="2" falsecount="0"/>
        <line num="173" count="2" type="stmt"/>
        <line num="175" count="4" type="stmt"/>
        <line num="176" count="4" type="stmt"/>
        <line num="177" count="4" type="stmt"/>
        <line num="185" count="16" type="stmt"/>
        <line num="186" count="16" type="stmt"/>
        <line num="187" count="108" type="stmt"/>
        <line num="188" count="16" type="stmt"/>
        <line num="192" count="16" type="stmt"/>
        <line num="196" count="16" type="stmt"/>
        <line num="197" count="16" type="stmt"/>
        <line num="201" count="26" type="stmt"/>
        <line num="202" count="26" type="stmt"/>
        <line num="203" count="26" type="cond" truecount="4" falsecount="0"/>
        <line num="204" count="9" type="stmt"/>
        <line num="205" count="9" type="stmt"/>
        <line num="207" count="17" type="stmt"/>
      </file>
      <file name="getGeneralLevel.js" path="/home/artem/eslint-plagin-architector/src/helpers/prepareDataForErrorOutput/getGeneralLevel.js">
        <metrics statements="2" coveredstatements="2" conditionals="0" coveredconditionals="0" methods="1" coveredmethods="1"/>
        <line num="1" count="1" type="stmt"/>
        <line num="3" count="58" type="stmt"/>
      </file>
      <file name="searchNearestCurrentAndTargetLevel.js" path="/home/artem/eslint-plagin-architector/src/helpers/prepareDataForErrorOutput/searchNearestCurrentAndTargetLevel.js">
        <metrics statements="23" coveredstatements="22" conditionals="4" coveredconditionals="4" methods="6" coveredmethods="6"/>
        <line num="1" count="1" type="stmt"/>
        <line num="2" count="1" type="stmt"/>
        <line num="3" count="1" type="stmt"/>
        <line num="4" count="1" type="stmt"/>
        <line num="5" count="1" type="stmt"/>
        <line num="6" count="1" type="stmt"/>
        <line num="7" count="1" type="stmt"/>
        <line num="9" count="1" type="stmt"/>
        <line num="18" count="16" type="cond" truecount="2" falsecount="0"/>
        <line num="19" count="1" type="stmt"/>
        <line num="22" count="16" type="stmt"/>
        <line num="26" count="16" type="stmt"/>
        <line num="32" count="16" type="stmt"/>
        <line num="38" count="16" type="stmt"/>
        <line num="48" count="1" type="stmt"/>
        <line num="49" count="1" type="stmt"/>
        <line num="51" count="0" type="stmt"/>
        <line num="58" count="16" type="cond" truecount="2" falsecount="0"/>
        <line num="59" count="5" type="stmt"/>
        <line num="61" count="11" type="stmt"/>
        <line num="65" count="16" type="stmt"/>
        <line num="69" count="86" type="stmt"/>
        <line num="73" count="16" type="stmt"/>
      </file>
    </package>
    <package name="helpers.serachByNameFolder">
      <metrics statements="9" coveredstatements="9" conditionals="0" coveredconditionals="0" methods="4" coveredmethods="4"/>
      <file name="getNameFolder.js" path="/home/artem/eslint-plagin-architector/src/helpers/serachByNameFolder/getNameFolder.js">
        <metrics statements="7" coveredstatements="7" conditionals="0" coveredconditionals="0" methods="2" coveredmethods="2"/>
        <line num="2" count="74" type="stmt"/>
        <line num="5" count="74" type="stmt"/>
        <line num="6" count="74" type="stmt"/>
        <line num="8" count="19" type="stmt"/>
        <line num="11" count="74" type="stmt"/>
        <line num="12" count="74" type="stmt"/>
        <line num="15" count="1" type="stmt"/>
      </file>
      <file name="setModuleByName.js" path="/home/artem/eslint-plagin-architector/src/helpers/serachByNameFolder/setModuleByName.js">
        <metrics statements="2" coveredstatements="2" conditionals="0" coveredconditionals="0" methods="2" coveredmethods="2"/>
        <line num="2" count="475" type="stmt"/>
        <line num="6" count="1" type="stmt"/>
      </file>
    </package>
    <package name="rules">
      <metrics statements="8" coveredstatements="8" conditionals="2" coveredconditionals="1" methods="1" coveredmethods="1"/>
      <file name="helper.js" path="/home/artem/eslint-plagin-architector/src/rules/helper.js">
        <metrics statements="8" coveredstatements="8" conditionals="2" coveredconditionals="1" methods="1" coveredmethods="1"/>
        <line num="1" count="1" type="stmt"/>
        <line num="2" count="1" type="stmt"/>
        <line num="4" count="1" type="stmt"/>
        <line num="7" count="16" type="stmt"/>
        <line num="9" count="16" type="stmt"/>
        <line num="11" count="16" type="cond" truecount="1" falsecount="1"/>
        <line num="12" count="16" type="stmt"/>
        <line num="21" count="16" type="stmt"/>
      </file>
    </package>
  </project>
</coverage>
