{"/home/artem/eslint-plagin-architector/helper.js": {"path":"/home/artem/eslint-plagin-architector/helper.js","statementMap":{"0":{"start":{"line":1,"column":13},"end":{"line":1,"column":28}},"1":{"start":{"line":2,"column":18},"end":{"line":2,"column":39}},"2":{"start":{"line":4,"column":0},"end":{"line":4,"column":43}},"3":{"start":{"line":7,"column":41},"end":{"line":9,"column":3}},"4":{"start":{"line":11,"column":2},"end":{"line":81,"column":3}},"5":{"start":{"line":12,"column":39},"end":{"line":12,"column":69}},"6":{"start":{"line":13,"column":35},"end":{"line":13,"column":37}},"7":{"start":{"line":15,"column":6},"end":{"line":27,"column":7}},"8":{"start":{"line":16,"column":27},"end":{"line":16,"column":120}},"9":{"start":{"line":17,"column":28},"end":{"line":17,"column":122}},"10":{"start":{"line":18,"column":8},"end":{"line":23,"column":11}},"11":{"start":{"line":24,"column":8},"end":{"line":26,"column":9}},"12":{"start":{"line":25,"column":10},"end":{"line":25,"column":82}},"13":{"start":{"line":28,"column":6},"end":{"line":28,"column":36}},"14":{"start":{"line":35,"column":31},"end":{"line":35,"column":96}},"15":{"start":{"line":36,"column":4},"end":{"line":36,"column":36}},"16":{"start":{"line":38,"column":4},"end":{"line":80,"column":5}},"17":{"start":{"line":39,"column":32},"end":{"line":39,"column":90}},"18":{"start":{"line":40,"column":6},"end":{"line":40,"column":37}},"19":{"start":{"line":42,"column":46},"end":{"line":42,"column":112}},"20":{"start":{"line":42,"column":79},"end":{"line":42,"column":111}},"21":{"start":{"line":44,"column":32},"end":{"line":44,"column":95}},"22":{"start":{"line":45,"column":19},"end":{"line":45,"column":53}},"23":{"start":{"line":46,"column":6},"end":{"line":46,"column":24}},"24":{"start":{"line":47,"column":6},"end":{"line":79,"column":7}},"25":{"start":{"line":48,"column":35},"end":{"line":48,"column":103}},"26":{"start":{"line":48,"column":68},"end":{"line":48,"column":102}},"27":{"start":{"line":49,"column":42},"end":{"line":49,"column":73}},"28":{"start":{"line":50,"column":28},"end":{"line":50,"column":91}},"29":{"start":{"line":52,"column":44},"end":{"line":52,"column":103}},"30":{"start":{"line":52,"column":77},"end":{"line":52,"column":102}},"31":{"start":{"line":55,"column":8},"end":{"line":74,"column":10}},"32":{"start":{"line":56,"column":8},"end":{"line":66,"column":10}},"33":{"start":{"line":57,"column":10},"end":{"line":59,"column":11}},"34":{"start":{"line":58,"column":12},"end":{"line":58,"column":77}},"35":{"start":{"line":60,"column":15},"end":{"line":66,"column":10}},"36":{"start":{"line":61,"column":61},"end":{"line":61,"column":152}},"37":{"start":{"line":61,"column":94},"end":{"line":61,"column":151}},"38":{"start":{"line":62,"column":57},"end":{"line":62,"column":144}},"39":{"start":{"line":62,"column":90},"end":{"line":62,"column":143}},"40":{"start":{"line":63,"column":10},"end":{"line":65,"column":11}},"41":{"start":{"line":64,"column":12},"end":{"line":64,"column":49}},"42":{"start":{"line":68,"column":50},"end":{"line":68,"column":75}},"43":{"start":{"line":69,"column":10},"end":{"line":73,"column":13}},"44":{"start":{"line":70,"column":14},"end":{"line":72,"column":15}},"45":{"start":{"line":71,"column":16},"end":{"line":71,"column":48}},"46":{"start":{"line":85,"column":22},"end":{"line":85,"column":92}},"47":{"start":{"line":85,"column":68},"end":{"line":85,"column":91}},"48":{"start":{"line":87,"column":28},"end":{"line":89,"column":4}},"49":{"start":{"line":88,"column":4},"end":{"line":88,"column":27}},"50":{"start":{"line":91,"column":28},"end":{"line":91,"column":96}},"51":{"start":{"line":93,"column":2},"end":{"line":93,"column":26}},"52":{"start":{"line":97,"column":16},"end":{"line":97,"column":18}},"53":{"start":{"line":98,"column":2},"end":{"line":98,"column":25}},"54":{"start":{"line":99,"column":2},"end":{"line":109,"column":5}},"55":{"start":{"line":100,"column":19},"end":{"line":100,"column":38}},"56":{"start":{"line":101,"column":4},"end":{"line":108,"column":7}},"57":{"start":{"line":102,"column":6},"end":{"line":107,"column":7}},"58":{"start":{"line":103,"column":16},"end":{"line":103,"column":30}},"59":{"start":{"line":104,"column":8},"end":{"line":106,"column":11}},"60":{"start":{"line":105,"column":10},"end":{"line":105,"column":44}},"61":{"start":{"line":111,"column":2},"end":{"line":111,"column":76}}},"fnMap":{"0":{"name":"validateIfImportIsAllowed","decl":{"start":{"line":6,"column":9},"end":{"line":6,"column":34}},"loc":{"start":{"line":6,"column":114},"end":{"line":82,"column":1}},"line":6},"1":{"name":"getArchitectureConfigurationTree","decl":{"start":{"line":14,"column":13},"end":{"line":14,"column":45}},"loc":{"start":{"line":14,"column":71},"end":{"line":30,"column":5}},"line":14},"2":{"name":"(anonymous_2)","decl":{"start":{"line":42,"column":69},"end":{"line":42,"column":70}},"loc":{"start":{"line":42,"column":79},"end":{"line":42,"column":111}},"line":42},"3":{"name":"(anonymous_3)","decl":{"start":{"line":48,"column":58},"end":{"line":48,"column":59}},"loc":{"start":{"line":48,"column":68},"end":{"line":48,"column":102}},"line":48},"4":{"name":"(anonymous_4)","decl":{"start":{"line":52,"column":67},"end":{"line":52,"column":68}},"loc":{"start":{"line":52,"column":77},"end":{"line":52,"column":102}},"line":52},"5":{"name":"(anonymous_5)","decl":{"start":{"line":61,"column":84},"end":{"line":61,"column":85}},"loc":{"start":{"line":61,"column":94},"end":{"line":61,"column":151}},"line":61},"6":{"name":"(anonymous_6)","decl":{"start":{"line":62,"column":80},"end":{"line":62,"column":81}},"loc":{"start":{"line":62,"column":90},"end":{"line":62,"column":143}},"line":62},"7":{"name":"checkTargetModuleLevel","decl":{"start":{"line":84,"column":9},"end":{"line":84,"column":31}},"loc":{"start":{"line":84,"column":76},"end":{"line":94,"column":1}},"line":84},"8":{"name":"(anonymous_8)","decl":{"start":{"line":85,"column":44},"end":{"line":85,"column":45}},"loc":{"start":{"line":85,"column":68},"end":{"line":85,"column":91}},"line":85},"9":{"name":"(anonymous_9)","decl":{"start":{"line":87,"column":47},"end":{"line":87,"column":48}},"loc":{"start":{"line":87,"column":61},"end":{"line":89,"column":3}},"line":87},"10":{"name":"getAllParentThisNode","decl":{"start":{"line":96,"column":9},"end":{"line":96,"column":29}},"loc":{"start":{"line":96,"column":50},"end":{"line":112,"column":1}},"line":96},"11":{"name":"(anonymous_11)","decl":{"start":{"line":99,"column":18},"end":{"line":99,"column":19}},"loc":{"start":{"line":99,"column":31},"end":{"line":109,"column":3}},"line":99},"12":{"name":"(anonymous_12)","decl":{"start":{"line":101,"column":18},"end":{"line":101,"column":19}},"loc":{"start":{"line":101,"column":34},"end":{"line":108,"column":5}},"line":101},"13":{"name":"(anonymous_13)","decl":{"start":{"line":104,"column":18},"end":{"line":104,"column":19}},"loc":{"start":{"line":104,"column":31},"end":{"line":106,"column":9}},"line":104}},"branchMap":{"0":{"loc":{"start":{"line":11,"column":2},"end":{"line":81,"column":3}},"type":"if","locations":[{"start":{"line":11,"column":2},"end":{"line":81,"column":3}},{"start":{"line":11,"column":2},"end":{"line":81,"column":3}}],"line":11},"1":{"loc":{"start":{"line":21,"column":19},"end":{"line":21,"column":46}},"type":"binary-expr","locations":[{"start":{"line":21,"column":19},"end":{"line":21,"column":29}},{"start":{"line":21,"column":33},"end":{"line":21,"column":46}}],"line":21},"2":{"loc":{"start":{"line":24,"column":8},"end":{"line":26,"column":9}},"type":"if","locations":[{"start":{"line":24,"column":8},"end":{"line":26,"column":9}},{"start":{"line":24,"column":8},"end":{"line":26,"column":9}}],"line":24},"3":{"loc":{"start":{"line":38,"column":4},"end":{"line":80,"column":5}},"type":"if","locations":[{"start":{"line":38,"column":4},"end":{"line":80,"column":5}},{"start":{"line":38,"column":4},"end":{"line":80,"column":5}}],"line":38},"4":{"loc":{"start":{"line":47,"column":6},"end":{"line":79,"column":7}},"type":"if","locations":[{"start":{"line":47,"column":6},"end":{"line":79,"column":7}},{"start":{"line":47,"column":6},"end":{"line":79,"column":7}}],"line":47},"5":{"loc":{"start":{"line":55,"column":8},"end":{"line":74,"column":10}},"type":"if","locations":[{"start":{"line":55,"column":8},"end":{"line":74,"column":10}},{"start":{"line":55,"column":8},"end":{"line":74,"column":10}}],"line":55},"6":{"loc":{"start":{"line":56,"column":8},"end":{"line":66,"column":10}},"type":"if","locations":[{"start":{"line":56,"column":8},"end":{"line":66,"column":10}},{"start":{"line":56,"column":8},"end":{"line":66,"column":10}}],"line":56},"7":{"loc":{"start":{"line":57,"column":10},"end":{"line":59,"column":11}},"type":"if","locations":[{"start":{"line":57,"column":10},"end":{"line":59,"column":11}},{"start":{"line":57,"column":10},"end":{"line":59,"column":11}}],"line":57},"8":{"loc":{"start":{"line":60,"column":15},"end":{"line":66,"column":10}},"type":"if","locations":[{"start":{"line":60,"column":15},"end":{"line":66,"column":10}},{"start":{"line":60,"column":15},"end":{"line":66,"column":10}}],"line":60},"9":{"loc":{"start":{"line":63,"column":10},"end":{"line":65,"column":11}},"type":"if","locations":[{"start":{"line":63,"column":10},"end":{"line":65,"column":11}},{"start":{"line":63,"column":10},"end":{"line":65,"column":11}}],"line":63},"10":{"loc":{"start":{"line":69,"column":10},"end":{"line":73,"column":13}},"type":"if","locations":[{"start":{"line":69,"column":10},"end":{"line":73,"column":13}},{"start":{"line":69,"column":10},"end":{"line":73,"column":13}}],"line":69},"11":{"loc":{"start":{"line":70,"column":14},"end":{"line":72,"column":15}},"type":"if","locations":[{"start":{"line":70,"column":14},"end":{"line":72,"column":15}},{"start":{"line":70,"column":14},"end":{"line":72,"column":15}}],"line":70},"12":{"loc":{"start":{"line":102,"column":6},"end":{"line":107,"column":7}},"type":"if","locations":[{"start":{"line":102,"column":6},"end":{"line":107,"column":7}},{"start":{"line":102,"column":6},"end":{"line":107,"column":7}}],"line":102}},"s":{"0":1,"1":1,"2":1,"3":1,"4":1,"5":1,"6":1,"7":11,"8":19,"9":19,"10":19,"11":19,"12":10,"13":11,"14":1,"15":1,"16":1,"17":1,"18":1,"19":1,"20":3,"21":1,"22":1,"23":1,"24":1,"25":1,"26":6,"27":1,"28":1,"29":1,"30":19,"31":1,"32":0,"33":0,"34":0,"35":0,"36":0,"37":0,"38":0,"39":0,"40":0,"41":0,"42":1,"43":1,"44":0,"45":0,"46":1,"47":19,"48":1,"49":18,"50":1,"51":1,"52":38,"53":38,"54":38,"55":152,"56":152,"57":722,"58":38,"59":38,"60":104,"61":38},"f":{"0":1,"1":11,"2":3,"3":6,"4":19,"5":0,"6":0,"7":1,"8":19,"9":18,"10":38,"11":152,"12":722,"13":104},"b":{"0":[1,0],"1":[19,4],"2":[10,9],"3":[1,0],"4":[1,0],"5":[0,1],"6":[0,0],"7":[0,0],"8":[0,0],"9":[0,0],"10":[0,1],"11":[0,0],"12":[38,684]},"_coverageSchema":"1a1c01bbd47fc00a2c39e90264f33305004495a9","hash":"3072f0c85a5c9ec90c4efc213ce5bf49e9a4a114"}
}
