{"/home/artem/eslint-plagin-architector/helper.js": {"path":"/home/artem/eslint-plagin-architector/helper.js","statementMap":{"0":{"start":{"line":1,"column":13},"end":{"line":1,"column":28}},"1":{"start":{"line":2,"column":18},"end":{"line":2,"column":39}},"2":{"start":{"line":3,"column":0},"end":{"line":3,"column":43}},"3":{"start":{"line":6,"column":41},"end":{"line":8,"column":3}},"4":{"start":{"line":10,"column":2},"end":{"line":84,"column":3}},"5":{"start":{"line":11,"column":39},"end":{"line":11,"column":69}},"6":{"start":{"line":12,"column":35},"end":{"line":12,"column":37}},"7":{"start":{"line":14,"column":6},"end":{"line":26,"column":7}},"8":{"start":{"line":15,"column":27},"end":{"line":15,"column":120}},"9":{"start":{"line":16,"column":28},"end":{"line":16,"column":122}},"10":{"start":{"line":17,"column":8},"end":{"line":22,"column":11}},"11":{"start":{"line":23,"column":8},"end":{"line":25,"column":9}},"12":{"start":{"line":24,"column":10},"end":{"line":24,"column":82}},"13":{"start":{"line":27,"column":6},"end":{"line":27,"column":36}},"14":{"start":{"line":34,"column":31},"end":{"line":34,"column":96}},"15":{"start":{"line":35,"column":4},"end":{"line":35,"column":36}},"16":{"start":{"line":37,"column":4},"end":{"line":83,"column":5}},"17":{"start":{"line":38,"column":32},"end":{"line":38,"column":90}},"18":{"start":{"line":39,"column":6},"end":{"line":39,"column":37}},"19":{"start":{"line":41,"column":46},"end":{"line":41,"column":112}},"20":{"start":{"line":41,"column":79},"end":{"line":41,"column":111}},"21":{"start":{"line":43,"column":32},"end":{"line":43,"column":95}},"22":{"start":{"line":44,"column":6},"end":{"line":82,"column":7}},"23":{"start":{"line":45,"column":35},"end":{"line":45,"column":103}},"24":{"start":{"line":45,"column":68},"end":{"line":45,"column":102}},"25":{"start":{"line":46,"column":42},"end":{"line":46,"column":73}},"26":{"start":{"line":47,"column":28},"end":{"line":47,"column":91}},"27":{"start":{"line":49,"column":44},"end":{"line":49,"column":103}},"28":{"start":{"line":49,"column":77},"end":{"line":49,"column":102}},"29":{"start":{"line":52,"column":8},"end":{"line":77,"column":10}},"30":{"start":{"line":53,"column":8},"end":{"line":63,"column":10}},"31":{"start":{"line":54,"column":10},"end":{"line":56,"column":11}},"32":{"start":{"line":55,"column":12},"end":{"line":55,"column":77}},"33":{"start":{"line":57,"column":15},"end":{"line":63,"column":10}},"34":{"start":{"line":58,"column":61},"end":{"line":58,"column":152}},"35":{"start":{"line":58,"column":94},"end":{"line":58,"column":151}},"36":{"start":{"line":59,"column":57},"end":{"line":59,"column":144}},"37":{"start":{"line":59,"column":90},"end":{"line":59,"column":143}},"38":{"start":{"line":60,"column":10},"end":{"line":62,"column":11}},"39":{"start":{"line":61,"column":12},"end":{"line":61,"column":49}},"40":{"start":{"line":65,"column":23},"end":{"line":65,"column":54}},"41":{"start":{"line":66,"column":51},"end":{"line":66,"column":101}},"42":{"start":{"line":67,"column":25},"end":{"line":67,"column":67}},"43":{"start":{"line":68,"column":30},"end":{"line":68,"column":53}},"44":{"start":{"line":69,"column":37},"end":{"line":69,"column":119}},"45":{"start":{"line":70,"column":31},"end":{"line":70,"column":88}},"46":{"start":{"line":71,"column":10},"end":{"line":76,"column":13}},"47":{"start":{"line":72,"column":14},"end":{"line":75,"column":15}},"48":{"start":{"line":73,"column":16},"end":{"line":73,"column":61}},"49":{"start":{"line":74,"column":16},"end":{"line":74,"column":59}},"50":{"start":{"line":88,"column":22},"end":{"line":88,"column":92}},"51":{"start":{"line":88,"column":68},"end":{"line":88,"column":91}},"52":{"start":{"line":90,"column":28},"end":{"line":92,"column":4}},"53":{"start":{"line":91,"column":4},"end":{"line":91,"column":27}},"54":{"start":{"line":94,"column":28},"end":{"line":94,"column":96}},"55":{"start":{"line":96,"column":2},"end":{"line":96,"column":26}},"56":{"start":{"line":100,"column":16},"end":{"line":100,"column":18}},"57":{"start":{"line":101,"column":2},"end":{"line":101,"column":25}},"58":{"start":{"line":102,"column":2},"end":{"line":112,"column":5}},"59":{"start":{"line":103,"column":19},"end":{"line":103,"column":38}},"60":{"start":{"line":104,"column":4},"end":{"line":111,"column":7}},"61":{"start":{"line":105,"column":6},"end":{"line":110,"column":7}},"62":{"start":{"line":106,"column":16},"end":{"line":106,"column":30}},"63":{"start":{"line":107,"column":8},"end":{"line":109,"column":11}},"64":{"start":{"line":108,"column":10},"end":{"line":108,"column":44}},"65":{"start":{"line":114,"column":2},"end":{"line":114,"column":76}}},"fnMap":{"0":{"name":"validateIfImportIsAllowed","decl":{"start":{"line":5,"column":9},"end":{"line":5,"column":34}},"loc":{"start":{"line":5,"column":114},"end":{"line":85,"column":1}},"line":5},"1":{"name":"getArchitectureConfigurationTree","decl":{"start":{"line":13,"column":13},"end":{"line":13,"column":45}},"loc":{"start":{"line":13,"column":71},"end":{"line":29,"column":5}},"line":13},"2":{"name":"(anonymous_2)","decl":{"start":{"line":41,"column":69},"end":{"line":41,"column":70}},"loc":{"start":{"line":41,"column":79},"end":{"line":41,"column":111}},"line":41},"3":{"name":"(anonymous_3)","decl":{"start":{"line":45,"column":58},"end":{"line":45,"column":59}},"loc":{"start":{"line":45,"column":68},"end":{"line":45,"column":102}},"line":45},"4":{"name":"(anonymous_4)","decl":{"start":{"line":49,"column":67},"end":{"line":49,"column":68}},"loc":{"start":{"line":49,"column":77},"end":{"line":49,"column":102}},"line":49},"5":{"name":"(anonymous_5)","decl":{"start":{"line":58,"column":84},"end":{"line":58,"column":85}},"loc":{"start":{"line":58,"column":94},"end":{"line":58,"column":151}},"line":58},"6":{"name":"(anonymous_6)","decl":{"start":{"line":59,"column":80},"end":{"line":59,"column":81}},"loc":{"start":{"line":59,"column":90},"end":{"line":59,"column":143}},"line":59},"7":{"name":"checkTargetModuleLevel","decl":{"start":{"line":87,"column":9},"end":{"line":87,"column":31}},"loc":{"start":{"line":87,"column":76},"end":{"line":97,"column":1}},"line":87},"8":{"name":"(anonymous_8)","decl":{"start":{"line":88,"column":44},"end":{"line":88,"column":45}},"loc":{"start":{"line":88,"column":68},"end":{"line":88,"column":91}},"line":88},"9":{"name":"(anonymous_9)","decl":{"start":{"line":90,"column":47},"end":{"line":90,"column":48}},"loc":{"start":{"line":90,"column":61},"end":{"line":92,"column":3}},"line":90},"10":{"name":"getAllParentThisNode","decl":{"start":{"line":99,"column":9},"end":{"line":99,"column":29}},"loc":{"start":{"line":99,"column":50},"end":{"line":115,"column":1}},"line":99},"11":{"name":"(anonymous_11)","decl":{"start":{"line":102,"column":18},"end":{"line":102,"column":19}},"loc":{"start":{"line":102,"column":31},"end":{"line":112,"column":3}},"line":102},"12":{"name":"(anonymous_12)","decl":{"start":{"line":104,"column":18},"end":{"line":104,"column":19}},"loc":{"start":{"line":104,"column":34},"end":{"line":111,"column":5}},"line":104},"13":{"name":"(anonymous_13)","decl":{"start":{"line":107,"column":18},"end":{"line":107,"column":19}},"loc":{"start":{"line":107,"column":31},"end":{"line":109,"column":9}},"line":107}},"branchMap":{"0":{"loc":{"start":{"line":10,"column":2},"end":{"line":84,"column":3}},"type":"if","locations":[{"start":{"line":10,"column":2},"end":{"line":84,"column":3}},{"start":{"line":10,"column":2},"end":{"line":84,"column":3}}],"line":10},"1":{"loc":{"start":{"line":20,"column":19},"end":{"line":20,"column":46}},"type":"binary-expr","locations":[{"start":{"line":20,"column":19},"end":{"line":20,"column":29}},{"start":{"line":20,"column":33},"end":{"line":20,"column":46}}],"line":20},"2":{"loc":{"start":{"line":23,"column":8},"end":{"line":25,"column":9}},"type":"if","locations":[{"start":{"line":23,"column":8},"end":{"line":25,"column":9}},{"start":{"line":23,"column":8},"end":{"line":25,"column":9}}],"line":23},"3":{"loc":{"start":{"line":37,"column":4},"end":{"line":83,"column":5}},"type":"if","locations":[{"start":{"line":37,"column":4},"end":{"line":83,"column":5}},{"start":{"line":37,"column":4},"end":{"line":83,"column":5}}],"line":37},"4":{"loc":{"start":{"line":44,"column":6},"end":{"line":82,"column":7}},"type":"if","locations":[{"start":{"line":44,"column":6},"end":{"line":82,"column":7}},{"start":{"line":44,"column":6},"end":{"line":82,"column":7}}],"line":44},"5":{"loc":{"start":{"line":52,"column":8},"end":{"line":77,"column":10}},"type":"if","locations":[{"start":{"line":52,"column":8},"end":{"line":77,"column":10}},{"start":{"line":52,"column":8},"end":{"line":77,"column":10}}],"line":52},"6":{"loc":{"start":{"line":53,"column":8},"end":{"line":63,"column":10}},"type":"if","locations":[{"start":{"line":53,"column":8},"end":{"line":63,"column":10}},{"start":{"line":53,"column":8},"end":{"line":63,"column":10}}],"line":53},"7":{"loc":{"start":{"line":54,"column":10},"end":{"line":56,"column":11}},"type":"if","locations":[{"start":{"line":54,"column":10},"end":{"line":56,"column":11}},{"start":{"line":54,"column":10},"end":{"line":56,"column":11}}],"line":54},"8":{"loc":{"start":{"line":57,"column":15},"end":{"line":63,"column":10}},"type":"if","locations":[{"start":{"line":57,"column":15},"end":{"line":63,"column":10}},{"start":{"line":57,"column":15},"end":{"line":63,"column":10}}],"line":57},"9":{"loc":{"start":{"line":60,"column":10},"end":{"line":62,"column":11}},"type":"if","locations":[{"start":{"line":60,"column":10},"end":{"line":62,"column":11}},{"start":{"line":60,"column":10},"end":{"line":62,"column":11}}],"line":60},"10":{"loc":{"start":{"line":71,"column":10},"end":{"line":76,"column":13}},"type":"if","locations":[{"start":{"line":71,"column":10},"end":{"line":76,"column":13}},{"start":{"line":71,"column":10},"end":{"line":76,"column":13}}],"line":71},"11":{"loc":{"start":{"line":72,"column":14},"end":{"line":75,"column":15}},"type":"if","locations":[{"start":{"line":72,"column":14},"end":{"line":75,"column":15}},{"start":{"line":72,"column":14},"end":{"line":75,"column":15}}],"line":72},"12":{"loc":{"start":{"line":105,"column":6},"end":{"line":110,"column":7}},"type":"if","locations":[{"start":{"line":105,"column":6},"end":{"line":110,"column":7}},{"start":{"line":105,"column":6},"end":{"line":110,"column":7}}],"line":105}},"s":{"0":1,"1":1,"2":1,"3":1,"4":1,"5":1,"6":1,"7":11,"8":19,"9":19,"10":19,"11":19,"12":10,"13":11,"14":1,"15":1,"16":1,"17":1,"18":1,"19":1,"20":3,"21":1,"22":1,"23":1,"24":19,"25":1,"26":1,"27":1,"28":19,"29":1,"30":0,"31":0,"32":0,"33":0,"34":0,"35":0,"36":0,"37":0,"38":0,"39":0,"40":1,"41":1,"42":1,"43":1,"44":1,"45":1,"46":1,"47":1,"48":1,"49":1,"50":1,"51":19,"52":1,"53":18,"54":1,"55":1,"56":38,"57":38,"58":38,"59":152,"60":152,"61":722,"62":38,"63":38,"64":104,"65":38},"f":{"0":1,"1":11,"2":3,"3":19,"4":19,"5":0,"6":0,"7":1,"8":19,"9":18,"10":38,"11":152,"12":722,"13":104},"b":{"0":[1,0],"1":[19,4],"2":[10,9],"3":[1,0],"4":[1,0],"5":[0,1],"6":[0,0],"7":[0,0],"8":[0,0],"9":[0,0],"10":[1,0],"11":[1,0],"12":[38,684]},"_coverageSchema":"1a1c01bbd47fc00a2c39e90264f33305004495a9","hash":"f0a399ac4a6c4631933d89d591666ea538b6b817"}
}
