TN:
SF:src/errors/resultErrorMessage.js
FN:4,resultErrorMessage
FN:51,getErrorWhenCurrentAndTargetAreInTheSameLevel
FN:72,getErrorWhenCurrentAndTargetModulesAreInDifferentLevels
FNF:3
FNH:3
FNDA:6,resultErrorMessage
FNDA:1,getErrorWhenCurrentAndTargetAreInTheSameLevel
FNDA:5,getErrorWhenCurrentAndTargetModulesAreInDifferentLevels
DA:1,1
DA:2,1
DA:11,6
DA:13,6
DA:21,6
DA:22,6
DA:23,6
DA:25,6
DA:27,6
DA:29,6
DA:32,6
DA:33,1
DA:39,5
DA:46,6
DA:48,6
DA:56,1
DA:59,1
DA:61,1
DA:63,1
DA:65,1
DA:66,1
DA:69,1
DA:77,5
DA:80,5
DA:82,5
DA:83,3
DA:86,5
LF:27
LH:27
BRDA:27,0,0,6
BRDA:27,0,1,0
BRDA:32,1,0,1
BRDA:32,1,1,5
BRDA:63,2,0,1
BRDA:63,2,1,1
BRDA:65,3,0,1
BRDA:65,3,1,0
BRDA:82,4,0,3
BRDA:82,4,1,2
BRF:10
BRH:8
end_of_record
TN:
SF:src/helpers/architectorTree/configurationTreeAleases.js
FN:5,getLevelAlias
FN:17,setLengthPathFolder
FN:21,setPathAliases
FN:25,absolutePathToAliasesByKey
FN:35,getAliases
FNF:5
FNH:5
FNDA:6,getLevelAlias
FNDA:72,setLengthPathFolder
FNDA:36,setPathAliases
FNDA:36,absolutePathToAliasesByKey
FNDA:6,getAliases
DA:1,1
DA:2,1
DA:3,1
DA:6,6
DA:7,6
DA:8,6
DA:9,36
DA:14,6
DA:18,72
DA:22,36
DA:26,36
DA:29,36
DA:36,6
DA:38,6
DA:40,36
DA:41,36
DA:44,6
LF:17
LH:17
BRF:0
BRH:0
end_of_record
TN:
SF:src/helpers/architectorTree/getArchitectureConfigurationTree.js
FN:7,getArchitectureConfigurationTree
FN:29,resultArchitectureFree
FN:31,(anonymous_2)
FN:45,getAllParentThisNode
FN:48,(anonymous_4)
FN:50,(anonymous_5)
FN:53,(anonymous_6)
FNF:7
FNH:7
FNDA:18,getArchitectureConfigurationTree
FNDA:18,resultArchitectureFree
FNDA:810,(anonymous_2)
FNDA:42,getAllParentThisNode
FNDA:168,(anonymous_4)
FNDA:294,(anonymous_5)
FNDA:60,(anonymous_6)
DA:1,1
DA:3,1
DA:5,1
DA:8,18
DA:9,42
DA:14,42
DA:15,42
DA:16,42
DA:22,42
DA:23,12
DA:26,18
DA:30,18
DA:32,810
DA:33,138
DA:34,138
DA:35,138
DA:42,18
DA:46,42
DA:47,42
DA:48,42
DA:49,168
DA:50,168
DA:51,294
DA:52,42
DA:53,42
DA:54,60
DA:60,42
LF:27
LH:27
BRDA:19,0,0,42
BRDA:19,0,1,24
BRDA:22,1,0,12
BRDA:22,1,1,30
BRDA:32,2,0,672
BRDA:32,2,1,138
BRDA:51,3,0,42
BRDA:51,3,1,252
BRF:8
BRH:8
end_of_record
TN:
SF:src/helpers/convertPath/absolutePathToFile.js
FN:4,absolutePathToFile
FNF:1
FNH:1
FNDA:77,absolutePathToFile
DA:1,1
DA:2,1
DA:5,77
LF:3
LH:3
BRF:0
BRH:0
end_of_record
TN:
SF:src/helpers/convertPath/pathToCurrentFileWithoutContent.js
FN:1,PathToCurrentFileWithOutContent
FNF:1
FNH:1
FNDA:99,PathToCurrentFileWithOutContent
DA:2,99
DA:8,1
LF:2
LH:2
BRF:0
BRH:0
end_of_record
TN:
SF:src/helpers/prepareDataForErrorOutput/absolutePathTo.js
FN:5,getAbsolutePathTo
FNF:1
FNH:1
FNDA:5,getAbsolutePathTo
DA:1,1
DA:2,1
DA:3,1
DA:6,5
LF:4
LH:4
BRF:0
BRH:0
end_of_record
TN:
SF:src/helpers/prepareDataForErrorOutput/getCurrentAndTargetLevel.js
FN:8,getCurrentAndTargetLevel
FN:103,searchGeneralLevels
FN:106,(anonymous_2)
FN:110,getCurrentAndTargetNameFolder
FN:119,getLevelsModule
FNF:5
FNH:5
FNDA:6,getCurrentAndTargetLevel
FNDA:6,searchGeneralLevels
FNDA:40,(anonymous_2)
FNDA:6,getCurrentAndTargetNameFolder
FNDA:1,getLevelsModule
DA:1,1
DA:2,1
DA:3,1
DA:4,1
DA:5,1
DA:6,1
DA:14,6
DA:15,6
DA:21,6
DA:22,6
DA:23,6
DA:25,6
DA:26,6
DA:27,6
DA:28,6
DA:29,6
DA:31,6
DA:32,5
DA:35,6
DA:36,0
DA:44,0
DA:52,0
DA:54,0
DA:55,0
DA:56,0
DA:58,0
DA:65,6
DA:66,0
DA:71,0
DA:72,0
DA:73,0
DA:80,6
DA:81,1
DA:86,1
DA:87,1
DA:88,1
DA:89,1
DA:96,5
DA:104,6
DA:105,6
DA:106,40
DA:107,6
DA:111,6
DA:115,6
DA:116,6
DA:120,1
DA:121,1
DA:122,1
DA:123,0
DA:124,0
DA:126,1
LF:51
LH:38
BRDA:27,0,0,6
BRDA:27,0,1,0
BRDA:31,1,0,5
BRDA:31,1,1,1
BRDA:35,2,0,0
BRDA:35,2,1,6
BRDA:35,3,0,6
BRDA:35,3,1,0
BRDA:65,4,0,0
BRDA:65,4,1,6
BRDA:80,5,0,1
BRDA:80,5,1,5
BRDA:122,6,0,0
BRDA:122,6,1,1
BRDA:122,7,0,1
BRDA:122,7,1,0
BRF:16
BRH:10
end_of_record
TN:
SF:src/helpers/prepareDataForErrorOutput/getGeneralLevel.js
FN:2,getGeneralLevel
FNF:1
FNH:1
FNDA:13,getGeneralLevel
DA:1,1
DA:3,13
LF:2
LH:2
BRF:0
BRH:0
end_of_record
TN:
SF:src/helpers/prepareDataForErrorOutput/searchNearestCurrentAndTargetLevel.js
FN:11,searchNearestCurrentAndTargetLevel
FN:46,setJsConfigFile
FN:54,getAbsolutePathToTargetModule
FN:68,setLevelByKey
FN:69,(anonymous_4)
FN:72,keyAliases
FNF:6
FNH:6
FNDA:6,searchNearestCurrentAndTargetLevel
FNDA:1,setJsConfigFile
FNDA:6,getAbsolutePathToTargetModule
FNDA:6,setLevelByKey
FNDA:29,(anonymous_4)
FNDA:6,keyAliases
DA:1,1
DA:2,1
DA:3,1
DA:4,1
DA:5,1
DA:6,1
DA:7,1
DA:9,1
DA:18,6
DA:19,1
DA:22,6
DA:26,6
DA:32,6
DA:38,6
DA:47,1
DA:48,1
DA:50,0
DA:57,6
DA:58,2
DA:60,4
DA:65,6
DA:69,29
DA:73,6
LF:23
LH:22
BRDA:18,0,0,1
BRDA:18,0,1,5
BRDA:57,1,0,2
BRDA:57,1,1,4
BRF:4
BRH:4
end_of_record
TN:
SF:src/helpers/serachByNameFolder/getNameFolder.js
FN:1,getNameFolder
FN:4,setParent
FNF:2
FNH:2
FNDA:19,getNameFolder
FNDA:19,setParent
DA:2,19
DA:5,19
DA:6,19
DA:8,1
DA:11,19
DA:12,19
DA:15,1
LF:7
LH:7
BRF:0
BRH:0
end_of_record
TN:
SF:src/helpers/serachByNameFolder/setModuleByName.js
FN:1,setModuleByName
FN:2,(anonymous_1)
FNF:2
FNH:2
FNDA:20,setModuleByName
FNDA:66,(anonymous_1)
DA:2,66
DA:6,1
LF:2
LH:2
BRF:0
BRH:0
end_of_record
TN:
SF:src/rules/helper.js
FN:6,validateIfImportIsAllowed
FNF:1
FNH:1
FNDA:6,validateIfImportIsAllowed
DA:1,1
DA:2,1
DA:4,1
DA:7,6
DA:9,6
DA:11,6
DA:12,6
DA:21,6
LF:8
LH:8
BRDA:11,0,0,6
BRDA:11,0,1,0
BRF:2
BRH:1
end_of_record
