TN:
SF:helper.js
FN:9,setJsConfigFileContent
FN:17,validateIfImportIsAllowed
FN:25,getArchitectureConfigurationTree
FN:74,(anonymous_3)
FN:82,(anonymous_4)
FN:83,(anonymous_5)
FN:102,(anonymous_6)
FN:107,(anonymous_7)
FN:110,(anonymous_8)
FN:118,(anonymous_9)
FN:121,(anonymous_10)
FN:136,(anonymous_11)
FN:141,(anonymous_12)
FN:172,checkTargetModuleLevel
FN:173,(anonymous_14)
FN:175,(anonymous_15)
FN:183,getAllParentThisNode
FN:186,(anonymous_17)
FN:188,(anonymous_18)
FN:191,(anonymous_19)
FNF:20
FNH:10
FNDA:1,setJsConfigFileContent
FNDA:1,validateIfImportIsAllowed
FNDA:1,getArchitectureConfigurationTree
FNDA:2,(anonymous_3)
FNDA:2,(anonymous_4)
FNDA:1,(anonymous_5)
FNDA:0,(anonymous_6)
FNDA:0,(anonymous_7)
FNDA:0,(anonymous_8)
FNDA:0,(anonymous_9)
FNDA:0,(anonymous_10)
FNDA:0,(anonymous_11)
FNDA:0,(anonymous_12)
FNDA:0,checkTargetModuleLevel
FNDA:0,(anonymous_14)
FNDA:0,(anonymous_15)
FNDA:6,getAllParentThisNode
FNDA:18,(anonymous_17)
FNDA:18,(anonymous_18)
FNDA:6,(anonymous_19)
DA:1,1
DA:2,1
DA:3,1
DA:5,1
DA:7,1
DA:10,1
DA:11,1
DA:13,0
DA:18,1
DA:22,1
DA:23,1
DA:24,1
DA:26,1
DA:27,3
DA:31,3
DA:35,3
DA:42,3
DA:43,0
DA:46,1
DA:49,1
DA:50,1
DA:51,1
DA:52,1
DA:53,1
DA:54,3
DA:56,1
DA:57,1
DA:58,3
DA:72,1
DA:73,1
DA:74,2
DA:75,1
DA:76,1
DA:77,1
DA:81,1
DA:82,2
DA:83,1
DA:84,1
DA:86,1
DA:87,1
DA:88,1
DA:97,0
DA:99,0
DA:100,0
DA:102,0
DA:103,0
DA:105,0
DA:106,0
DA:107,0
DA:108,0
DA:109,0
DA:110,0
DA:111,0
DA:112,0
DA:113,0
DA:114,0
DA:116,0
DA:117,0
DA:118,0
DA:120,0
DA:121,0
DA:123,0
DA:124,0
DA:129,0
DA:133,0
DA:134,0
DA:135,0
DA:136,0
DA:137,0
DA:140,0
DA:141,0
DA:144,0
DA:145,0
DA:146,0
DA:149,0
DA:150,0
DA:154,0
DA:155,0
DA:156,0
DA:173,0
DA:175,0
DA:176,0
DA:179,0
DA:180,0
DA:184,6
DA:185,6
DA:186,6
DA:187,18
DA:188,18
DA:189,18
DA:190,6
DA:191,6
DA:192,6
DA:198,6
LF:94
LH:49
BRDA:22,0,0,1
BRDA:22,0,1,0
BRDA:38,1,0,3
BRDA:38,1,1,3
BRDA:42,2,0,0
BRDA:42,2,1,3
BRDA:49,3,0,1
BRDA:49,3,1,0
BRDA:86,4,0,1
BRDA:86,4,1,0
BRDA:87,5,0,1
BRDA:87,5,1,0
BRDA:99,6,0,0
BRDA:99,6,1,0
BRDA:106,7,0,0
BRDA:106,7,1,0
BRDA:111,8,0,0
BRDA:111,8,1,0
BRDA:111,9,0,0
BRDA:111,9,1,0
BRDA:112,10,0,0
BRDA:112,10,1,0
BRDA:113,11,0,0
BRDA:113,11,1,0
BRDA:116,12,0,0
BRDA:116,12,1,0
BRDA:123,13,0,0
BRDA:123,13,1,0
BRDA:144,14,0,0
BRDA:144,14,1,0
BRDA:145,15,0,0
BRDA:145,15,1,0
BRDA:149,16,0,0
BRDA:149,16,1,0
BRDA:155,17,0,0
BRDA:155,17,1,0
BRDA:189,18,0,6
BRDA:189,18,1,12
BRF:38
BRH:9
end_of_record
